{"/Users/carlg/Documents/PROJECTS/suburbmates/components/ui/button.tsx": {"path":"/Users/carlg/Documents/PROJECTS/suburbmates/components/ui/button.tsx","statementMap":{"0":{"start":{"line":56,"column":9},"end":{"line":56,"column":17}},"1":{"start":{"line":56,"column":17},"end":{"line":56,"column":null}},"2":{"start":{"line":1,"column":23},"end":{"line":1,"column":null}},"3":{"start":{"line":2,"column":21},"end":{"line":2,"column":null}},"4":{"start":{"line":3,"column":39},"end":{"line":3,"column":null}},"5":{"start":{"line":5,"column":19},"end":{"line":5,"column":null}},"6":{"start":{"line":7,"column":23},"end":{"line":33,"column":null}},"7":{"start":{"line":42,"column":15},"end":{"line":52,"column":null}},"8":{"start":{"line":44,"column":17},"end":{"line":44,"column":null}},"9":{"start":{"line":54,"column":0},"end":{"line":54,"column":null}}},"fnMap":{"0":{"name":"(anonymous_6)","decl":{"start":{"line":43,"column":2},"end":{"line":43,"column":3}},"loc":{"start":{"line":43,"column":60},"end":{"line":52,"column":null}}}},"branchMap":{"0":{"loc":{"start":{"line":43,"column":31},"end":{"line":43,"column":46}},"type":"default-arg","locations":[{"start":{"line":43,"column":41},"end":{"line":43,"column":46}}]},"1":{"loc":{"start":{"line":44,"column":17},"end":{"line":44,"column":null}},"type":"cond-expr","locations":[{"start":{"line":44,"column":27},"end":{"line":44,"column":31}},{"start":{"line":44,"column":34},"end":{"line":44,"column":null}}]}},"s":{"0":3,"1":0,"2":1,"3":1,"4":1,"5":1,"6":1,"7":1,"8":3,"9":1},"f":{"0":3},"b":{"0":[3],"1":[0,3]}}
,"/Users/carlg/Documents/PROJECTS/suburbmates/lib/store.ts": {"path":"/Users/carlg/Documents/PROJECTS/suburbmates/lib/store.ts","statementMap":{"0":{"start":{"line":28,"column":13},"end":{"line":28,"column":27}},"1":{"start":{"line":72,"column":13},"end":{"line":72,"column":34}},"2":{"start":{"line":74,"column":13},"end":{"line":74,"column":28}},"3":{"start":{"line":73,"column":13},"end":{"line":73,"column":24}},"4":{"start":{"line":71,"column":13},"end":{"line":71,"column":23}},"5":{"start":{"line":1,"column":23},"end":{"line":1,"column":null}},"6":{"start":{"line":2,"column":34},"end":{"line":2,"column":null}},"7":{"start":{"line":28,"column":27},"end":{"line":66,"column":null}},"8":{"start":{"line":31,"column":16},"end":{"line":54,"column":null}},"9":{"start":{"line":39,"column":40},"end":{"line":40,"column":null}},"10":{"start":{"line":43,"column":44},"end":{"line":44,"column":null}},"11":{"start":{"line":47,"column":58},"end":{"line":48,"column":null}},"12":{"start":{"line":51,"column":22},"end":{"line":52,"column":null}},"13":{"start":{"line":57,"column":42},"end":{"line":61,"column":null}},"14":{"start":{"line":71,"column":23},"end":{"line":71,"column":null}},"15":{"start":{"line":71,"column":29},"end":{"line":71,"column":null}},"16":{"start":{"line":71,"column":52},"end":{"line":71,"column":62}},"17":{"start":{"line":72,"column":34},"end":{"line":72,"column":null}},"18":{"start":{"line":72,"column":40},"end":{"line":72,"column":null}},"19":{"start":{"line":72,"column":63},"end":{"line":72,"column":84}},"20":{"start":{"line":73,"column":24},"end":{"line":73,"column":null}},"21":{"start":{"line":73,"column":30},"end":{"line":73,"column":null}},"22":{"start":{"line":73,"column":53},"end":{"line":73,"column":64}},"23":{"start":{"line":74,"column":28},"end":{"line":74,"column":null}},"24":{"start":{"line":74,"column":34},"end":{"line":74,"column":null}},"25":{"start":{"line":74,"column":57},"end":{"line":74,"column":72}}},"fnMap":{"0":{"name":"(anonymous_6)","decl":{"start":{"line":31,"column":6},"end":{"line":31,"column":7}},"loc":{"start":{"line":31,"column":16},"end":{"line":54,"column":null}}},"1":{"name":"(anonymous_7)","decl":{"start":{"line":39,"column":17},"end":{"line":39,"column":18}},"loc":{"start":{"line":39,"column":40},"end":{"line":40,"column":null}}},"2":{"name":"(anonymous_8)","decl":{"start":{"line":43,"column":20},"end":{"line":43,"column":21}},"loc":{"start":{"line":43,"column":44},"end":{"line":44,"column":null}}},"3":{"name":"(anonymous_9)","decl":{"start":{"line":47,"column":18},"end":{"line":47,"column":19}},"loc":{"start":{"line":47,"column":58},"end":{"line":48,"column":null}}},"4":{"name":"(anonymous_10)","decl":{"start":{"line":51,"column":16},"end":{"line":51,"column":22}},"loc":{"start":{"line":51,"column":22},"end":{"line":52,"column":null}}},"5":{"name":"(anonymous_11)","decl":{"start":{"line":57,"column":20},"end":{"line":57,"column":21}},"loc":{"start":{"line":57,"column":42},"end":{"line":61,"column":null}}},"6":{"name":"(anonymous_12)","decl":{"start":{"line":71,"column":23},"end":{"line":71,"column":29}},"loc":{"start":{"line":71,"column":29},"end":{"line":71,"column":null}}},"7":{"name":"(anonymous_13)","decl":{"start":{"line":71,"column":41},"end":{"line":71,"column":42}},"loc":{"start":{"line":71,"column":52},"end":{"line":71,"column":62}}},"8":{"name":"(anonymous_14)","decl":{"start":{"line":72,"column":34},"end":{"line":72,"column":40}},"loc":{"start":{"line":72,"column":40},"end":{"line":72,"column":null}}},"9":{"name":"(anonymous_15)","decl":{"start":{"line":72,"column":52},"end":{"line":72,"column":53}},"loc":{"start":{"line":72,"column":63},"end":{"line":72,"column":84}}},"10":{"name":"(anonymous_16)","decl":{"start":{"line":73,"column":24},"end":{"line":73,"column":30}},"loc":{"start":{"line":73,"column":30},"end":{"line":73,"column":null}}},"11":{"name":"(anonymous_17)","decl":{"start":{"line":73,"column":42},"end":{"line":73,"column":43}},"loc":{"start":{"line":73,"column":53},"end":{"line":73,"column":64}}},"12":{"name":"(anonymous_18)","decl":{"start":{"line":74,"column":28},"end":{"line":74,"column":34}},"loc":{"start":{"line":74,"column":34},"end":{"line":74,"column":null}}},"13":{"name":"(anonymous_19)","decl":{"start":{"line":74,"column":46},"end":{"line":74,"column":47}},"loc":{"start":{"line":74,"column":57},"end":{"line":74,"column":72}}}},"branchMap":{},"s":{"0":7,"1":0,"2":0,"3":0,"4":0,"5":1,"6":1,"7":1,"8":1,"9":2,"10":0,"11":0,"12":3,"13":5,"14":1,"15":0,"16":0,"17":1,"18":0,"19":0,"20":1,"21":0,"22":0,"23":1,"24":0,"25":0},"f":{"0":1,"1":2,"2":0,"3":0,"4":3,"5":5,"6":0,"7":0,"8":0,"9":0,"10":0,"11":0,"12":0,"13":0},"b":{}}
,"/Users/carlg/Documents/PROJECTS/suburbmates/lib/utils.ts": {"path":"/Users/carlg/Documents/PROJECTS/suburbmates/lib/utils.ts","statementMap":{"0":{"start":{"line":4,"column":16},"end":{"line":4,"column":19}},"1":{"start":{"line":1,"column":38},"end":{"line":1,"column":null}},"2":{"start":{"line":2,"column":24},"end":{"line":2,"column":null}},"3":{"start":{"line":5,"column":2},"end":{"line":5,"column":null}}},"fnMap":{"0":{"name":"cn","decl":{"start":{"line":4,"column":16},"end":{"line":4,"column":19}},"loc":{"start":{"line":4,"column":42},"end":{"line":6,"column":null}}}},"branchMap":{},"s":{"0":3,"1":1,"2":1,"3":3},"f":{"0":3},"b":{}}
}
