TN:
SF:components/ui/button.tsx
FN:43,(anonymous_6)
FNF:1
FNH:1
FNDA:3,(anonymous_6)
DA:1,1
DA:2,1
DA:3,1
DA:5,1
DA:7,1
DA:42,1
DA:44,3
DA:54,1
DA:56,3
LF:9
LH:9
BRDA:43,0,0,3
BRDA:44,1,0,0
BRDA:44,1,1,3
BRF:3
BRH:2
end_of_record
TN:
SF:lib/store.ts
FN:31,(anonymous_6)
FN:39,(anonymous_7)
FN:43,(anonymous_8)
FN:47,(anonymous_9)
FN:51,(anonymous_10)
FN:57,(anonymous_11)
FN:71,(anonymous_12)
FN:71,(anonymous_13)
FN:72,(anonymous_14)
FN:72,(anonymous_15)
FN:73,(anonymous_16)
FN:73,(anonymous_17)
FN:74,(anonymous_18)
FN:74,(anonymous_19)
FNF:14
FNH:4
FNDA:1,(anonymous_6)
FNDA:2,(anonymous_7)
FNDA:0,(anonymous_8)
FNDA:0,(anonymous_9)
FNDA:3,(anonymous_10)
FNDA:5,(anonymous_11)
FNDA:0,(anonymous_12)
FNDA:0,(anonymous_13)
FNDA:0,(anonymous_14)
FNDA:0,(anonymous_15)
FNDA:0,(anonymous_16)
FNDA:0,(anonymous_17)
FNDA:0,(anonymous_18)
FNDA:0,(anonymous_19)
DA:1,1
DA:2,1
DA:28,7
DA:31,1
DA:39,2
DA:43,0
DA:47,0
DA:51,3
DA:57,5
DA:71,1
DA:72,1
DA:73,1
DA:74,1
LF:13
LH:11
BRF:0
BRH:0
end_of_record
TN:
SF:lib/utils.ts
FN:4,cn
FNF:1
FNH:1
FNDA:3,cn
DA:1,1
DA:2,1
DA:4,3
DA:5,3
LF:4
LH:4
BRF:0
BRH:0
end_of_record
